2022-08-29 14:35:52 ERROR FileConfigurationHandler:37 - Failed to generate JAXB CTE Enigma objects by schema : unexpected element (uri:"", local:"ETT-Descriptor"). Expected elements are <{}CTE-Enigma>,<{}CTE-Machine>,<{}CTE-Positioning>,<{}CTE-Reflect>,<{}CTE-Reflector>,<{}CTE-Reflectors>,<{}CTE-Rotor>,<{}CTE-Rotors>
  2022-08-29 14:36:53 ERROR FileConfigurationHandler:37 - Failed to generate JAXB CTE Enigma objects by schema : unexpected element (uri:"", local:"ETT-Descriptor"). Expected elements are <{}CTE-Enigma>,<{}CTE-Machine>,<{}CTE-Positioning>,<{}CTE-Reflect>,<{}CTE-Reflector>,<{}CTE-Reflectors>,<{}CTE-Rotor>,<{}CTE-Rotors>
  2022-08-29 14:38:38 ERROR FileConfigurationHandler:37 - Failed to generate JAXB CTE Enigma objects by schema : unexpected element (uri:"", local:"ETT-Descriptor"). Expected elements are <{}CTE-Enigma>,<{}CTE-Machine>,<{}CTE-Positioning>,<{}CTE-Reflect>,<{}CTE-Reflector>,<{}CTE-Reflectors>,<{}CTE-Rotor>,<{}CTE-Rotors>
  2022-08-29 14:39:38 INFO  FileConfigurationHandler:33 - Generated a CTE Enigma Object from schema successfully from:C:\Users\Eliya\Documents\java\CTE\CTE_ENIGMA\enigma-machine\src\main\resources\machine-inventory-schema\ex1-sanity-small.xml
  2022-08-29 14:39:40 INFO  XmlSchemaVerifierImpl:81 - Machine Configuration schema passed all tests.
  2022-08-29 14:39:41 INFO  MachineHandlerImpl:268 - Machine handler: created inventory successfully
  2022-08-29 17:59:39 ERROR FileConfigurationHandler:37 - Failed to generate JAXB CTE Enigma objects by schema : unexpected element (uri:"", local:"ETT-Descriptor"). Expected elements are <{}CTE-Enigma>,<{}CTE-Machine>,<{}CTE-Positioning>,<{}CTE-Reflect>,<{}CTE-Reflector>,<{}CTE-Reflectors>,<{}CTE-Rotor>,<{}CTE-Rotors>
  2022-08-29 18:01:51 ERROR FileConfigurationHandler:37 - Failed to generate JAXB CTE Enigma objects by schema : unexpected element (uri:"", local:"ETT-Descriptor"). Expected elements are <{}CTE-Enigma>,<{}CTE-Machine>,<{}CTE-Positioning>,<{}CTE-Reflect>,<{}CTE-Reflector>,<{}CTE-Reflectors>,<{}CTE-Rotor>,<{}CTE-Rotors>
  2022-08-29 18:10:15 ERROR FileConfigurationHandler:37 - Failed to generate JAXB CTE Enigma objects by schema : unexpected element (uri:"", local:"ETT-Descriptor"). Expected elements are <{}CTE-Enigma>,<{}CTE-Machine>,<{}CTE-Positioning>,<{}CTE-Reflect>,<{}CTE-Reflector>,<{}CTE-Reflectors>,<{}CTE-Rotor>,<{}CTE-Rotors>
  2022-08-29 18:19:03 ERROR FileConfigurationHandler:37 - Failed to generate JAXB CTE Enigma objects by schema : unexpected element (uri:"", local:"ETT-Descriptor"). Expected elements are <{}CTE-Enigma>,<{}CTE-Machine>,<{}CTE-Positioning>,<{}CTE-Reflect>,<{}CTE-Reflector>,<{}CTE-Reflectors>,<{}CTE-Rotor>,<{}CTE-Rotors>
  2022-08-29 18:19:21 INFO  FileConfigurationHandler:33 - Generated a CTE Enigma Object from schema successfully from:C:\Users\Eliya\Documents\java\CTE\CTE_ENIGMA\enigma-machine\src\main\resources\machine-inventory-schema\ex1-extra-test.xml
  2022-08-29 18:19:21 INFO  XmlSchemaVerifierImpl:81 - Machine Configuration schema passed all tests.
  2022-08-29 18:19:21 INFO  MachineHandlerImpl:271 - Machine handler: created inventory successfully
  2022-08-29 18:19:31 INFO  FileConfigurationHandler:33 - Generated a CTE Enigma Object from schema successfully from:C:\Users\Eliya\Documents\java\CTE\CTE_ENIGMA\enigma-machine\src\main\resources\machine-inventory-schema\ex1-extra-test.xml
  2022-08-29 18:19:31 INFO  XmlSchemaVerifierImpl:81 - Machine Configuration schema passed all tests.
  2022-08-29 18:19:31 INFO  MachineHandlerImpl:271 - Machine handler: created inventory successfully
  2022-08-29 18:19:40 INFO  FileConfigurationHandler:33 - Generated a CTE Enigma Object from schema successfully from:C:\Users\Eliya\Documents\java\CTE\CTE_ENIGMA\enigma-machine\src\main\resources\machine-inventory-schema\extra-errors\ex1-error - reflector-id.xml
  2022-08-29 18:19:40 ERROR MachineHandlerImpl:73 - Failed to build machine inventory - CteMachine configured in file is invalid: The Reflector ids are not sequential or too many
  2022-08-29 18:21:40 INFO  FileConfigurationHandler:33 - Generated a CTE Enigma Object from schema successfully from:C:\Users\Eliya\Documents\java\CTE\CTE_ENIGMA\enigma-machine\src\main\resources\machine-inventory-schema\ex1-error-3.xml
  2022-08-29 18:21:40 ERROR MachineHandlerImpl:73 - Failed to build machine inventory - CteMachine configured in file is invalid: The Rotor Count is Illegal
  2022-08-29 18:22:45 INFO  FileConfigurationHandler:33 - Generated a CTE Enigma Object from schema successfully from:C:\Users\Eliya\Documents\java\CTE\CTE_ENIGMA\enigma-machine\src\main\resources\machine-inventory-schema\ex1-error-3.xml
  2022-08-29 18:22:45 ERROR MachineHandlerImpl:73 - Failed to build machine inventory - CteMachine configured in file is invalid: The Rotor Count is Illegal
  2022-08-29 18:23:22 ERROR FileConfigurationHandler:37 - Failed to generate JAXB CTE Enigma objects by schema : unexpected element (uri:"", local:"ETT-Descriptor"). Expected elements are <{}CTE-Enigma>,<{}CTE-Machine>,<{}CTE-Positioning>,<{}CTE-Reflect>,<{}CTE-Reflector>,<{}CTE-Reflectors>,<{}CTE-Rotor>,<{}CTE-Rotors>
  2022-08-29 18:23:33 INFO  FileConfigurationHandler:33 - Generated a CTE Enigma Object from schema successfully from:C:\Users\Eliya\Documents\java\CTE\CTE_ENIGMA\enigma-machine\src\main\resources\machine-inventory-schema\ex1-sanity-small.xml
  2022-08-29 18:23:33 INFO  XmlSchemaVerifierImpl:81 - Machine Configuration schema passed all tests.
  2022-08-29 18:23:33 INFO  MachineHandlerImpl:271 - Machine handler: created inventory successfully
  2022-08-29 18:56:43 INFO  FileConfigurationHandler:33 - Generated a CTE Enigma Object from schema successfully from:C:\Users\Eliya\Documents\java\CTE\CTE_ENIGMA\enigma-machine\src\main\resources\machine-inventory-schema\ex1-sanity-small.xml
  2022-08-29 18:56:43 INFO  XmlSchemaVerifierImpl:81 - Machine Configuration schema passed all tests.
  2022-08-29 18:56:43 INFO  MachineHandlerImpl:271 - Machine handler: created inventory successfully
  2022-08-29 18:57:29 INFO  FileConfigurationHandler:33 - Generated a CTE Enigma Object from schema successfully from:C:\Users\Eliya\Documents\java\CTE\CTE_ENIGMA\enigma-machine\src\main\resources\machine-inventory-schema\ex1-sanity-small.xml
  2022-08-29 18:57:29 INFO  XmlSchemaVerifierImpl:81 - Machine Configuration schema passed all tests.
  2022-08-29 18:57:29 INFO  MachineHandlerImpl:271 - Machine handler: created inventory successfully
  2022-08-29 18:58:10 INFO  FileConfigurationHandler:33 - Generated a CTE Enigma Object from schema successfully from:C:\Users\Eliya\Documents\java\CTE\CTE_ENIGMA\enigma-machine\src\main\resources\machine-inventory-schema\ex1-sanity-small.xml
  2022-08-29 18:58:10 INFO  XmlSchemaVerifierImpl:81 - Machine Configuration schema passed all tests.
  2022-08-29 18:58:10 INFO  MachineHandlerImpl:271 - Machine handler: created inventory successfully
  2022-08-29 19:10:10 INFO  FileConfigurationHandler:33 - Generated a CTE Enigma Object from schema successfully from:C:\Users\Eliya\Documents\java\CTE\CTE_ENIGMA\enigma-machine\src\main\resources\machine-inventory-schema\ex1-sanity-small.xml
  2022-08-29 19:10:10 INFO  XmlSchemaVerifierImpl:81 - Machine Configuration schema passed all tests.
  2022-08-29 19:10:10 INFO  MachineHandlerImpl:271 - Machine handler: created inventory successfully
  2022-08-29 19:11:34 INFO  FileConfigurationHandler:33 - Generated a CTE Enigma Object from schema successfully from:C:\Users\Eliya\Documents\java\CTE\CTE_ENIGMA\enigma-machine\src\main\resources\machine-inventory-schema\ex1-sanity-small.xml
  2022-08-29 19:11:34 INFO  XmlSchemaVerifierImpl:81 - Machine Configuration schema passed all tests.
  2022-08-29 19:11:34 INFO  MachineHandlerImpl:271 - Machine handler: created inventory successfully
  2022-08-29 19:11:47 INFO  FileConfigurationHandler:33 - Generated a CTE Enigma Object from schema successfully from:C:\Users\Eliya\Documents\java\CTE\CTE_ENIGMA\enigma-machine\src\main\resources\machine-inventory-schema\ex1-sanity-paper-enigma.xml
  2022-08-29 19:11:47 INFO  XmlSchemaVerifierImpl:81 - Machine Configuration schema passed all tests.
  2022-08-29 19:11:47 INFO  MachineHandlerImpl:271 - Machine handler: created inventory successfully
  2022-08-29 19:11:56 INFO  FileConfigurationHandler:33 - Generated a CTE Enigma Object from schema successfully from:C:\Users\Eliya\Documents\java\CTE\CTE_ENIGMA\enigma-machine\src\main\resources\machine-inventory-schema\ex1-extra-test.xml
  2022-08-29 19:11:56 INFO  XmlSchemaVerifierImpl:81 - Machine Configuration schema passed all tests.
  2022-08-29 19:11:56 INFO  MachineHandlerImpl:271 - Machine handler: created inventory successfully
  2022-08-29 19:12:53 INFO  FileConfigurationHandler:33 - Generated a CTE Enigma Object from schema successfully from:C:\Users\Eliya\Documents\java\CTE\CTE_ENIGMA\enigma-machine\src\main\resources\machine-inventory-schema\ex1-sanity-small.xml
  2022-08-29 19:12:53 INFO  XmlSchemaVerifierImpl:81 - Machine Configuration schema passed all tests.
  2022-08-29 19:12:53 INFO  MachineHandlerImpl:271 - Machine handler: created inventory successfully
  2022-08-29 19:15:04 INFO  FileConfigurationHandler:33 - Generated a CTE Enigma Object from schema successfully from:C:\Users\Eliya\Documents\java\CTE\CTE_ENIGMA\enigma-machine\src\main\resources\machine-inventory-schema\ex1-sanity-small.xml
  2022-08-29 19:15:04 INFO  XmlSchemaVerifierImpl:81 - Machine Configuration schema passed all tests.
  2022-08-29 19:15:04 INFO  MachineHandlerImpl:271 - Machine handler: created inventory successfully
  2022-08-29 19:22:22 INFO  FileConfigurationHandler:33 - Generated a CTE Enigma Object from schema successfully from:C:\Users\Eliya\Documents\java\CTE\CTE_ENIGMA\enigma-machine\src\main\resources\machine-inventory-schema\ex1-sanity-small.xml
  2022-08-29 19:22:22 INFO  XmlSchemaVerifierImpl:81 - Machine Configuration schema passed all tests.
  2022-08-29 19:22:22 INFO  MachineHandlerImpl:271 - Machine handler: created inventory successfully
  2022-08-29 19:26:10 INFO  FileConfigurationHandler:33 - Generated a CTE Enigma Object from schema successfully from:C:\Users\Eliya\Documents\java\CTE\CTE_ENIGMA\enigma-machine\src\main\resources\machine-inventory-schema\ex1-sanity-small.xml
  2022-08-29 19:26:10 INFO  XmlSchemaVerifierImpl:81 - Machine Configuration schema passed all tests.
  2022-08-29 19:26:10 INFO  MachineHandlerImpl:271 - Machine handler: created inventory successfully
  2022-08-29 19:26:38 INFO  FileConfigurationHandler:33 - Generated a CTE Enigma Object from schema successfully from:C:\Users\Eliya\Documents\java\CTE\CTE_ENIGMA\enigma-machine\src\main\resources\machine-inventory-schema\ex1-sanity-small.xml
  2022-08-29 19:26:38 INFO  XmlSchemaVerifierImpl:81 - Machine Configuration schema passed all tests.
  2022-08-29 19:26:38 INFO  MachineHandlerImpl:271 - Machine handler: created inventory successfully
  2022-08-29 19:27:06 INFO  FileConfigurationHandler:33 - Generated a CTE Enigma Object from schema successfully from:C:\Users\Eliya\Documents\java\CTE\CTE_ENIGMA\enigma-machine\src\main\resources\machine-inventory-schema\ex1-sanity-small.xml
  2022-08-29 19:27:06 INFO  XmlSchemaVerifierImpl:81 - Machine Configuration schema passed all tests.
  2022-08-29 19:27:06 INFO  MachineHandlerImpl:271 - Machine handler: created inventory successfully
  2022-08-29 19:33:23 INFO  FileConfigurationHandler:33 - Generated a CTE Enigma Object from schema successfully from:C:\Users\Eliya\Documents\java\CTE\CTE_ENIGMA\enigma-machine\src\main\resources\machine-inventory-schema\ex1-sanity-small.xml
  2022-08-29 19:33:23 INFO  XmlSchemaVerifierImpl:81 - Machine Configuration schema passed all tests.
  2022-08-29 19:33:23 INFO  MachineHandlerImpl:271 - Machine handler: created inventory successfully
  2022-08-30 18:03:52 ERROR FileConfigurationHandler:37 - Failed to generate JAXB CTE Enigma objects by schema : unexpected element (uri:"", local:"ETT-Descriptor"). Expected elements are <{}CTE-Enigma>,<{}CTE-Machine>,<{}CTE-Positioning>,<{}CTE-Reflect>,<{}CTE-Reflector>,<{}CTE-Reflectors>,<{}CTE-Rotor>,<{}CTE-Rotors>
  2022-08-30 18:04:15 INFO  FileConfigurationHandler:33 - Generated a CTE Enigma Object from schema successfully from:C:\Users\Eliya\Documents\java\CTE\CTE_ENIGMA\enigma-machine\src\main\resources\machine-inventory-schema\ex1-sanity-small.xml
  2022-08-30 18:04:15 INFO  XmlSchemaVerifierImpl:81 - Machine Configuration schema passed all tests.
  2022-08-30 18:04:15 INFO  MachineHandlerImpl:271 - Machine handler: created inventory successfully
  2022-08-30 18:04:42 INFO  FileConfigurationHandler:33 - Generated a CTE Enigma Object from schema successfully from:C:\Users\Eliya\Documents\java\CTE\CTE_ENIGMA\enigma-machine\src\main\resources\machine-inventory-schema\ex1-sanity-small.xml
  2022-08-30 18:04:42 INFO  XmlSchemaVerifierImpl:81 - Machine Configuration schema passed all tests.
  2022-08-30 18:04:42 INFO  MachineHandlerImpl:271 - Machine handler: created inventory successfully
  2022-08-30 18:04:53 ERROR FileConfigurationHandler:37 - Failed to generate JAXB CTE Enigma objects by schema : unexpected element (uri:"", local:"ETT-Descriptor"). Expected elements are <{}CTE-Enigma>,<{}CTE-Machine>,<{}CTE-Positioning>,<{}CTE-Reflect>,<{}CTE-Reflector>,<{}CTE-Reflectors>,<{}CTE-Rotor>,<{}CTE-Rotors>
  2022-08-30 18:05:07 INFO  FileConfigurationHandler:33 - Generated a CTE Enigma Object from schema successfully from:C:\Users\Eliya\Documents\java\CTE\CTE_ENIGMA\enigma-machine\src\main\resources\machine-inventory-schema\ex1-sanity-small.xml
  2022-08-30 18:05:07 INFO  XmlSchemaVerifierImpl:81 - Machine Configuration schema passed all tests.
  2022-08-30 18:05:07 INFO  MachineHandlerImpl:271 - Machine handler: created inventory successfully
  2022-08-30 18:05:58 INFO  FileConfigurationHandler:33 - Generated a CTE Enigma Object from schema successfully from:C:\Users\Eliya\Documents\java\CTE\CTE_ENIGMA\enigma-machine\src\main\resources\machine-inventory-schema\ex1-sanity-small.xml
  2022-08-30 18:06:01 INFO  XmlSchemaVerifierImpl:81 - Machine Configuration schema passed all tests.
  2022-08-30 18:06:04 INFO  MachineHandlerImpl:271 - Machine handler: created inventory successfully
  2022-08-30 18:07:07 INFO  FileConfigurationHandler:33 - Generated a CTE Enigma Object from schema successfully from:C:\Users\Eliya\Documents\java\CTE\CTE_ENIGMA\enigma-machine\src\main\resources\machine-inventory-schema\ex1-sanity-small.xml
  2022-08-30 18:07:07 INFO  XmlSchemaVerifierImpl:81 - Machine Configuration schema passed all tests.
  2022-08-30 18:07:08 INFO  MachineHandlerImpl:271 - Machine handler: created inventory successfully
  2022-08-30 18:35:21 INFO  FileConfigurationHandler:33 - Generated a CTE Enigma Object from schema successfully from:C:\Users\Eliya\Documents\java\CTE\CTE_ENIGMA\enigma-machine\src\main\resources\machine-inventory-schema\ex1-sanity-small.xml
  2022-08-30 18:35:21 INFO  XmlSchemaVerifierImpl:81 - Machine Configuration schema passed all tests.
  2022-08-30 18:35:21 INFO  MachineHandlerImpl:271 - Machine handler: created inventory successfully
  2022-08-30 18:36:56 INFO  FileConfigurationHandler:33 - Generated a CTE Enigma Object from schema successfully from:C:\Users\Eliya\Documents\java\CTE\CTE_ENIGMA\enigma-machine\src\main\resources\machine-inventory-schema\ex1-sanity-small.xml
  2022-08-30 18:36:56 INFO  XmlSchemaVerifierImpl:81 - Machine Configuration schema passed all tests.
  2022-08-30 18:36:56 INFO  MachineHandlerImpl:271 - Machine handler: created inventory successfully
  2022-08-30 18:46:38 INFO  FileConfigurationHandler:33 - Generated a CTE Enigma Object from schema successfully from:C:\Users\Eliya\Documents\java\CTE\CTE_ENIGMA\enigma-machine\src\main\resources\machine-inventory-schema\ex1-sanity-small.xml
  2022-08-30 18:46:38 INFO  XmlSchemaVerifierImpl:81 - Machine Configuration schema passed all tests.
  2022-08-30 18:46:38 INFO  MachineHandlerImpl:271 - Machine handler: created inventory successfully
  2022-08-30 19:06:42 INFO  FileConfigurationHandler:33 - Generated a CTE Enigma Object from schema successfully from:C:\Users\Eliya\Documents\java\CTE\CTE_ENIGMA\enigma-machine\src\main\resources\machine-inventory-schema\ex1-sanity-small.xml
  2022-08-30 19:06:42 INFO  XmlSchemaVerifierImpl:81 - Machine Configuration schema passed all tests.
  2022-08-30 19:06:42 INFO  MachineHandlerImpl:271 - Machine handler: created inventory successfully
  2022-08-30 19:09:00 INFO  FileConfigurationHandler:33 - Generated a CTE Enigma Object from schema successfully from:C:\Users\Eliya\Documents\java\CTE\CTE_ENIGMA\enigma-machine\src\main\resources\machine-inventory-schema\ex1-sanity-small.xml
  2022-08-30 19:09:00 INFO  XmlSchemaVerifierImpl:81 - Machine Configuration schema passed all tests.
  2022-08-30 19:09:00 INFO  MachineHandlerImpl:271 - Machine handler: created inventory successfully
  2022-08-30 19:14:53 INFO  FileConfigurationHandler:33 - Generated a CTE Enigma Object from schema successfully from:C:\Users\Eliya\Documents\java\CTE\CTE_ENIGMA\enigma-machine\src\main\resources\machine-inventory-schema\ex1-sanity-small.xml
  2022-08-30 19:14:53 INFO  XmlSchemaVerifierImpl:81 - Machine Configuration schema passed all tests.
  2022-08-30 19:14:53 INFO  MachineHandlerImpl:271 - Machine handler: created inventory successfully
  2022-08-30 19:15:47 INFO  FileConfigurationHandler:33 - Generated a CTE Enigma Object from schema successfully from:C:\Users\Eliya\Documents\java\CTE\CTE_ENIGMA\enigma-machine\src\main\resources\machine-inventory-schema\ex1-sanity-small.xml
  2022-08-30 19:15:47 INFO  XmlSchemaVerifierImpl:81 - Machine Configuration schema passed all tests.
  2022-08-30 19:15:47 INFO  MachineHandlerImpl:271 - Machine handler: created inventory successfully
  2022-08-30 19:17:02 INFO  FileConfigurationHandler:33 - Generated a CTE Enigma Object from schema successfully from:C:\Users\Eliya\Documents\java\CTE\CTE_ENIGMA\enigma-machine\src\main\resources\machine-inventory-schema\ex1-sanity-small.xml
  2022-08-30 19:17:02 INFO  XmlSchemaVerifierImpl:81 - Machine Configuration schema passed all tests.
  2022-08-30 19:17:02 INFO  MachineHandlerImpl:271 - Machine handler: created inventory successfully
  2022-08-30 19:17:54 INFO  FileConfigurationHandler:33 - Generated a CTE Enigma Object from schema successfully from:C:\Users\Eliya\Documents\java\CTE\CTE_ENIGMA\enigma-machine\src\main\resources\machine-inventory-schema\ex1-sanity-small.xml
  2022-08-30 19:17:54 INFO  XmlSchemaVerifierImpl:81 - Machine Configuration schema passed all tests.
  2022-08-30 19:17:54 INFO  MachineHandlerImpl:271 - Machine handler: created inventory successfully
  2022-08-30 19:19:14 INFO  FileConfigurationHandler:33 - Generated a CTE Enigma Object from schema successfully from:C:\Users\Eliya\Documents\java\CTE\CTE_ENIGMA\enigma-machine\src\main\resources\machine-inventory-schema\ex1-sanity-small.xml
  2022-08-30 19:19:14 INFO  XmlSchemaVerifierImpl:81 - Machine Configuration schema passed all tests.
  2022-08-30 19:19:14 INFO  MachineHandlerImpl:271 - Machine handler: created inventory successfully
  2022-08-30 19:35:07 INFO  FileConfigurationHandler:33 - Generated a CTE Enigma Object from schema successfully from:C:\Users\Eliya\Documents\java\CTE\CTE_ENIGMA\enigma-machine\src\main\resources\machine-inventory-schema\ex1-sanity-small.xml
  2022-08-30 19:35:07 INFO  XmlSchemaVerifierImpl:81 - Machine Configuration schema passed all tests.
  2022-08-30 19:35:07 INFO  MachineHandlerImpl:271 - Machine handler: created inventory successfully
  2022-08-30 19:36:40 INFO  FileConfigurationHandler:33 - Generated a CTE Enigma Object from schema successfully from:C:\Users\Eliya\Documents\java\CTE\CTE_ENIGMA\enigma-machine\src\main\resources\machine-inventory-schema\ex1-sanity-small.xml
  2022-08-30 19:36:40 INFO  XmlSchemaVerifierImpl:81 - Machine Configuration schema passed all tests.
  2022-08-30 19:36:40 INFO  MachineHandlerImpl:271 - Machine handler: created inventory successfully
  2022-08-30 20:04:46 INFO  FileConfigurationHandler:33 - Generated a CTE Enigma Object from schema successfully from:C:\Users\Eliya\Documents\java\CTE\CTE_ENIGMA\enigma-machine\src\main\resources\machine-inventory-schema\ex1-sanity-small.xml
  2022-08-30 20:04:46 INFO  XmlSchemaVerifierImpl:81 - Machine Configuration schema passed all tests.
  2022-08-30 20:04:46 INFO  MachineHandlerImpl:271 - Machine handler: created inventory successfully
  2022-08-30 20:08:52 INFO  FileConfigurationHandler:33 - Generated a CTE Enigma Object from schema successfully from:C:\Users\Eliya\Documents\java\CTE\CTE_ENIGMA\enigma-machine\src\main\resources\machine-inventory-schema\ex1-sanity-small.xml
  2022-08-30 20:08:52 INFO  XmlSchemaVerifierImpl:81 - Machine Configuration schema passed all tests.
  2022-08-30 20:08:52 INFO  MachineHandlerImpl:271 - Machine handler: created inventory successfully
  2022-08-30 20:09:50 INFO  FileConfigurationHandler:33 - Generated a CTE Enigma Object from schema successfully from:C:\Users\Eliya\Documents\java\CTE\CTE_ENIGMA\enigma-machine\src\main\resources\machine-inventory-schema\ex1-sanity-small.xml
  2022-08-30 20:09:50 INFO  XmlSchemaVerifierImpl:81 - Machine Configuration schema passed all tests.
  2022-08-30 20:09:50 INFO  MachineHandlerImpl:271 - Machine handler: created inventory successfully
  2022-08-30 20:11:38 INFO  FileConfigurationHandler:33 - Generated a CTE Enigma Object from schema successfully from:C:\Users\Eliya\Documents\java\CTE\CTE_ENIGMA\enigma-machine\src\main\resources\machine-inventory-schema\ex1-sanity-small.xml
  2022-08-30 20:11:38 INFO  XmlSchemaVerifierImpl:81 - Machine Configuration schema passed all tests.
  2022-08-30 20:11:38 INFO  MachineHandlerImpl:271 - Machine handler: created inventory successfully
  2022-08-30 20:16:08 INFO  FileConfigurationHandler:33 - Generated a CTE Enigma Object from schema successfully from:C:\Users\Eliya\Documents\java\CTE\CTE_ENIGMA\enigma-machine\src\main\resources\machine-inventory-schema\ex1-sanity-small.xml
  2022-08-30 20:16:08 INFO  XmlSchemaVerifierImpl:81 - Machine Configuration schema passed all tests.
  2022-08-30 20:16:08 INFO  MachineHandlerImpl:271 - Machine handler: created inventory successfully
  2022-08-30 20:18:26 INFO  FileConfigurationHandler:33 - Generated a CTE Enigma Object from schema successfully from:C:\Users\Eliya\Documents\java\CTE\CTE_ENIGMA\enigma-machine\src\main\resources\machine-inventory-schema\ex1-sanity-small.xml
  2022-08-30 20:18:26 INFO  XmlSchemaVerifierImpl:81 - Machine Configuration schema passed all tests.
  2022-08-30 20:18:26 INFO  MachineHandlerImpl:271 - Machine handler: created inventory successfully
  2022-08-30 20:20:08 INFO  FileConfigurationHandler:33 - Generated a CTE Enigma Object from schema successfully from:C:\Users\Eliya\Documents\java\CTE\CTE_ENIGMA\enigma-machine\src\main\resources\machine-inventory-schema\ex1-sanity-small.xml
  2022-08-30 20:20:08 INFO  XmlSchemaVerifierImpl:81 - Machine Configuration schema passed all tests.
  2022-08-30 20:20:08 INFO  MachineHandlerImpl:271 - Machine handler: created inventory successfully
  2022-08-30 20:43:26 INFO  FileConfigurationHandler:33 - Generated a CTE Enigma Object from schema successfully from:C:\Users\Eliya\Documents\java\CTE\CTE_ENIGMA\enigma-machine\src\main\resources\machine-inventory-schema\ex1-sanity-small.xml
  2022-08-30 20:43:26 INFO  XmlSchemaVerifierImpl:81 - Machine Configuration schema passed all tests.
  2022-08-30 20:43:26 INFO  MachineHandlerImpl:271 - Machine handler: created inventory successfully
  2022-08-30 20:46:46 INFO  FileConfigurationHandler:33 - Generated a CTE Enigma Object from schema successfully from:C:\Users\Eliya\Documents\java\CTE\CTE_ENIGMA\enigma-machine\src\main\resources\machine-inventory-schema\ex1-sanity-small.xml
  2022-08-30 20:46:46 INFO  XmlSchemaVerifierImpl:81 - Machine Configuration schema passed all tests.
  2022-08-30 20:46:46 INFO  MachineHandlerImpl:271 - Machine handler: created inventory successfully
  2022-08-30 21:24:49 INFO  FileConfigurationHandler:33 - Generated a CTE Enigma Object from schema successfully from:C:\Users\Eliya\Documents\java\CTE\CTE_ENIGMA\enigma-machine\src\main\resources\machine-inventory-schema\ex1-sanity-small.xml
  2022-08-30 21:24:49 INFO  XmlSchemaVerifierImpl:81 - Machine Configuration schema passed all tests.
  2022-08-30 21:24:49 INFO  MachineHandlerImpl:271 - Machine handler: created inventory successfully
  2022-08-30 21:25:58 INFO  FileConfigurationHandler:33 - Generated a CTE Enigma Object from schema successfully from:C:\Users\Eliya\Documents\java\CTE\CTE_ENIGMA\enigma-machine\src\main\resources\machine-inventory-schema\ex1-sanity-small.xml
  2022-08-30 21:25:58 INFO  XmlSchemaVerifierImpl:81 - Machine Configuration schema passed all tests.
  2022-08-30 21:25:58 INFO  MachineHandlerImpl:271 - Machine handler: created inventory successfully
  2022-08-30 21:26:37 INFO  FileConfigurationHandler:33 - Generated a CTE Enigma Object from schema successfully from:C:\Users\Eliya\Documents\java\CTE\CTE_ENIGMA\enigma-machine\src\main\resources\machine-inventory-schema\ex1-sanity-small.xml
  2022-08-30 21:26:37 INFO  XmlSchemaVerifierImpl:81 - Machine Configuration schema passed all tests.
  2022-08-30 21:26:37 INFO  MachineHandlerImpl:271 - Machine handler: created inventory successfully
  2022-08-30 21:31:37 INFO  FileConfigurationHandler:33 - Generated a CTE Enigma Object from schema successfully from:C:\Users\Eliya\Documents\java\CTE\CTE_ENIGMA\enigma-machine\src\main\resources\machine-inventory-schema\ex1-sanity-small.xml
  2022-08-30 21:31:37 INFO  XmlSchemaVerifierImpl:81 - Machine Configuration schema passed all tests.
  2022-08-30 21:31:37 INFO  MachineHandlerImpl:271 - Machine handler: created inventory successfully
  2022-08-30 21:32:26 INFO  FileConfigurationHandler:33 - Generated a CTE Enigma Object from schema successfully from:C:\Users\Eliya\Documents\java\CTE\CTE_ENIGMA\enigma-machine\src\main\resources\machine-inventory-schema\ex1-sanity-small.xml
  2022-08-30 21:32:26 INFO  XmlSchemaVerifierImpl:81 - Machine Configuration schema passed all tests.
  2022-08-30 21:32:26 INFO  MachineHandlerImpl:271 - Machine handler: created inventory successfully
  2022-08-30 21:34:25 INFO  FileConfigurationHandler:33 - Generated a CTE Enigma Object from schema successfully from:C:\Users\Eliya\Documents\java\CTE\CTE_ENIGMA\enigma-machine\src\main\resources\machine-inventory-schema\ex1-sanity-small.xml
  2022-08-30 21:34:25 INFO  XmlSchemaVerifierImpl:81 - Machine Configuration schema passed all tests.
  2022-08-30 21:34:25 INFO  MachineHandlerImpl:271 - Machine handler: created inventory successfully
  2022-08-30 21:35:48 INFO  FileConfigurationHandler:33 - Generated a CTE Enigma Object from schema successfully from:C:\Users\Eliya\Documents\java\CTE\CTE_ENIGMA\enigma-machine\src\main\resources\machine-inventory-schema\ex1-sanity-small.xml
  2022-08-30 21:35:48 INFO  XmlSchemaVerifierImpl:81 - Machine Configuration schema passed all tests.
  2022-08-30 21:35:48 INFO  MachineHandlerImpl:271 - Machine handler: created inventory successfully
  2022-08-30 21:35:57 INFO  FileConfigurationHandler:33 - Generated a CTE Enigma Object from schema successfully from:C:\Users\Eliya\Documents\java\CTE\CTE_ENIGMA\enigma-machine\src\main\resources\machine-inventory-schema\ex1-sanity-small.xml
  2022-08-30 21:35:57 INFO  XmlSchemaVerifierImpl:81 - Machine Configuration schema passed all tests.
  2022-08-30 21:35:57 INFO  MachineHandlerImpl:271 - Machine handler: created inventory successfully
  2022-08-30 21:37:55 INFO  FileConfigurationHandler:33 - Generated a CTE Enigma Object from schema successfully from:C:\Users\Eliya\Documents\java\CTE\CTE_ENIGMA\enigma-machine\src\main\resources\machine-inventory-schema\ex1-sanity-small.xml
  2022-08-30 21:37:55 INFO  XmlSchemaVerifierImpl:81 - Machine Configuration schema passed all tests.
  2022-08-30 21:37:55 INFO  MachineHandlerImpl:271 - Machine handler: created inventory successfully
  2022-08-30 21:40:42 INFO  FileConfigurationHandler:33 - Generated a CTE Enigma Object from schema successfully from:C:\Users\Eliya\Documents\java\CTE\CTE_ENIGMA\enigma-machine\src\main\resources\machine-inventory-schema\ex1-sanity-small.xml
  2022-08-30 21:40:42 INFO  XmlSchemaVerifierImpl:81 - Machine Configuration schema passed all tests.
  2022-08-30 21:40:42 INFO  MachineHandlerImpl:271 - Machine handler: created inventory successfully
  2022-08-30 21:42:49 INFO  FileConfigurationHandler:33 - Generated a CTE Enigma Object from schema successfully from:C:\Users\Eliya\Documents\java\CTE\CTE_ENIGMA\enigma-machine\src\main\resources\machine-inventory-schema\ex1-sanity-small.xml
  2022-08-30 21:42:49 INFO  XmlSchemaVerifierImpl:81 - Machine Configuration schema passed all tests.
  2022-08-30 21:42:49 INFO  MachineHandlerImpl:271 - Machine handler: created inventory successfully
  2022-08-30 21:44:43 INFO  FileConfigurationHandler:33 - Generated a CTE Enigma Object from schema successfully from:C:\Users\Eliya\Documents\java\CTE\CTE_ENIGMA\enigma-machine\src\main\resources\machine-inventory-schema\ex1-sanity-small.xml
  2022-08-30 21:44:43 INFO  XmlSchemaVerifierImpl:81 - Machine Configuration schema passed all tests.
  2022-08-30 21:44:43 INFO  MachineHandlerImpl:271 - Machine handler: created inventory successfully
  2022-08-30 21:45:24 INFO  FileConfigurationHandler:33 - Generated a CTE Enigma Object from schema successfully from:C:\Users\Eliya\Documents\java\CTE\CTE_ENIGMA\enigma-machine\src\main\resources\machine-inventory-schema\ex1-sanity-small.xml
  2022-08-30 21:45:24 INFO  XmlSchemaVerifierImpl:81 - Machine Configuration schema passed all tests.
  2022-08-30 21:45:24 INFO  MachineHandlerImpl:271 - Machine handler: created inventory successfully
  2022-08-30 21:46:40 INFO  FileConfigurationHandler:33 - Generated a CTE Enigma Object from schema successfully from:C:\Users\Eliya\Documents\java\CTE\CTE_ENIGMA\enigma-machine\src\main\resources\machine-inventory-schema\ex1-sanity-small.xml
  2022-08-30 21:46:40 INFO  XmlSchemaVerifierImpl:81 - Machine Configuration schema passed all tests.
  2022-08-30 21:46:40 INFO  MachineHandlerImpl:271 - Machine handler: created inventory successfully
  2022-08-30 21:52:48 INFO  FileConfigurationHandler:33 - Generated a CTE Enigma Object from schema successfully from:C:\Users\Eliya\Documents\java\CTE\CTE_ENIGMA\enigma-machine\src\main\resources\machine-inventory-schema\ex1-sanity-small.xml
  2022-08-30 21:52:48 INFO  XmlSchemaVerifierImpl:81 - Machine Configuration schema passed all tests.
  2022-08-30 21:52:48 INFO  MachineHandlerImpl:271 - Machine handler: created inventory successfully
  2022-08-30 21:53:41 INFO  FileConfigurationHandler:33 - Generated a CTE Enigma Object from schema successfully from:C:\Users\Eliya\Documents\java\CTE\CTE_ENIGMA\enigma-machine\src\main\resources\machine-inventory-schema\ex1-sanity-small.xml
  2022-08-30 21:53:41 INFO  XmlSchemaVerifierImpl:81 - Machine Configuration schema passed all tests.
  2022-08-30 21:53:41 INFO  MachineHandlerImpl:271 - Machine handler: created inventory successfully
  2022-08-30 21:54:16 INFO  FileConfigurationHandler:33 - Generated a CTE Enigma Object from schema successfully from:C:\Users\Eliya\Documents\java\CTE\CTE_ENIGMA\enigma-machine\src\main\resources\machine-inventory-schema\ex1-sanity-small.xml
  2022-08-30 21:54:16 INFO  XmlSchemaVerifierImpl:81 - Machine Configuration schema passed all tests.
  2022-08-30 21:54:16 INFO  MachineHandlerImpl:271 - Machine handler: created inventory successfully
  2022-08-30 21:57:55 INFO  FileConfigurationHandler:33 - Generated a CTE Enigma Object from schema successfully from:C:\Users\Eliya\Documents\java\CTE\CTE_ENIGMA\enigma-machine\src\main\resources\machine-inventory-schema\ex1-sanity-small.xml
  2022-08-30 21:57:55 INFO  XmlSchemaVerifierImpl:81 - Machine Configuration schema passed all tests.
  2022-08-30 21:57:55 INFO  MachineHandlerImpl:271 - Machine handler: created inventory successfully
  